20250319	15:31:30	request	06e19111-0c23-46ca-9e70-354f059f37f4	DELETE	undefined	/employees/2
20250319	15:31:48	request	8f688aa4-b5b8-4a58-b04e-5c65995fcafa	DELETE	undefined	/employees/2
20250319	15:32:12	request	c44b836f-f17f-4ce9-9949-014ecf54c8df	DELETE	undefined	/employees/3
20250319	15:32:33	request	616b023e-ad9e-462a-80a2-a677ce817be0	DELETE	undefined	/employees/1
20250319	15:39:04	request	ef8f9dfd-30f9-49d4-af55-11a67405f85c	GET	undefined	/employees?id=1
20250319	15:39:24	request	88d90b2b-81cb-4d1c-b5d2-a16785bdfdc8	GET	undefined	/employees?id=1
20250319	15:40:49	request	e4cee696-a3a7-43f9-981c-384b4a884ba0	GET	undefined	/employees?id=1
20250319	15:41:25	request	3ed23b8d-f28c-44ed-b5fc-2ffb264f0ee7	GET	undefined	/employees?id=1
20250319	15:41:37	request	ee285eab-0ff9-4dd2-bfe0-8321d027ee8b	GET	undefined	/employees?id=1
20250319	15:42:46	request	614763cf-0fa6-4098-b69a-024493a53ef3	GET	undefined	/employees?id=1
20250319	15:43:28	request	c393a431-a00e-4e45-9e40-3058d28ec668	POST	undefined	/employees/
20250319	15:43:38	request	8efbc1e5-4290-47bf-995b-143ed029ec2d	POST	undefined	/employees/
20250319	15:43:55	request	20011ce5-3f4b-4d46-8027-472068c146b5	GET	undefined	/employees?id=3
20250319	15:44:01	request	4c9691b2-21ad-4434-9d3e-4f4886aec8e9	GET	undefined	/employees?id=1
20250319	15:44:05	request	3dd4e0f0-2ebb-4b97-ab49-c0ee09b70af5	GET	undefined	/employees?id=2
20250319	16:07:53	request	1ab72bc0-14f8-487c-91aa-c50d51dab3e9	GET	undefined	/
20250319	16:07:53	request	32981e32-b7ed-4e0e-862c-8440beed77fd	GET	undefined	/assets/css/home.css
20250319	16:07:53	request	a7e8147f-b584-4cfc-a2b8-cc268d3aadf2	GET	undefined	/assets/css/common.css
20250319	16:07:53	request	4b34293b-5e7f-4aa2-a96d-f07a03cff102	GET	http://localhost:3000	/assets/js/common-components/index.js
20250319	16:07:53	request	93431f0c-fcb6-4909-8d36-a20b0056c1a0	GET	http://localhost:3000	/assets/js/main/home.js
20250319	16:07:53	request	c2b001e4-3e50-4980-afa8-133cd97933b7	GET	http://localhost:3000	/assets/js/common-components/GitRepositoryHeader/GitRepositoryHeader.js
20250319	16:07:53	request	e955ac48-debc-434c-8c27-53c1f671ceea	GET	http://localhost:3000	/assets/js/common-components/Header/Header.js
20250319	16:07:53	request	74056b62-8116-4ef8-8673-9aa5d1886d2e	GET	http://localhost:3000	/assets/js/common-components/Footer/Footer.js
20250319	16:07:53	request	405c6215-4135-413b-a96e-20260c83b315	GET	http://localhost:3000	/assets/js/common-components/Modals/modal.js
20250319	16:07:53	request	75b15ec2-5314-416c-af92-d33bd5f2f9d4	GET	http://localhost:3000	/assets/js/common-components/Modals/edit/edit_dog.modal.js
20250319	16:07:53	request	ec9df531-9fce-43d5-8b2d-6c29dd7f06fb	GET	http://localhost:3000	/assets/js/utils/globalVariables.js
